[debug] [2020-07-22T10:09:37.785Z] ----------------------------------------------------------------------
[debug] [2020-07-22T10:09:37.789Z] Command:       C:\Program Files\nodejs\node.exe C:\Users\Lester\AppData\Roaming\npm\node_modules\firebase-tools\lib\bin\firebase.js init
[debug] [2020-07-22T10:09:37.789Z] CLI Version:   7.3.2
[debug] [2020-07-22T10:09:37.789Z] Platform:      win32
[debug] [2020-07-22T10:09:37.789Z] Node Version:  v12.18.2
[debug] [2020-07-22T10:09:37.857Z] Time:          Wed Jul 22 2020 12:09:37 GMT+0200 (South Africa Standard Time)
[debug] [2020-07-22T10:09:37.857Z] ----------------------------------------------------------------------
[debug] 
[debug] [2020-07-22T10:09:37.960Z] > command requires scopes: ["email","openid","https://www.googleapis.com/auth/cloudplatformprojects.readonly","https://www.googleapis.com/auth/firebase","https://www.googleapis.com/auth/cloud-platform"]
[debug] [2020-07-22T10:09:37.960Z] > authorizing via signed-in user
[info] 
     ######## #### ########  ######## ########     ###     ######  ########
     ##        ##  ##     ## ##       ##     ##  ##   ##  ##       ##
     ######    ##  ########  ######   ########  #########  ######  ######
     ##        ##  ##    ##  ##       ##     ## ##     ##       ## ##
     ##       #### ##     ## ######## ########  ##     ##  ######  ########

You're about to initialize a Firebase project in this directory:

  C:\Users\Lester\Desktop\PTZIM Dashboard

Before we get started, keep in mind:

  * You are initializing in an existing Firebase project directory

[info] 
=== Project Setup
[info] 
[info] First, let's associate this project directory with a Firebase project.
[info] You can create multiple project aliases by running firebase use --add, 
[info] but for now we'll just set up a default project.
[info] 
[info] i  .firebaserc already has a default project, using demo093.
[debug] [2020-07-22T10:11:45.256Z] > refreshing access token with scopes: ["email","https://www.googleapis.com/auth/cloud-platform","https://www.googleapis.com/auth/cloudplatformprojects.readonly","https://www.googleapis.com/auth/firebase","openid"]
[debug] [2020-07-22T10:11:45.257Z] >>> HTTP REQUEST POST https://www.googleapis.com/oauth2/v3/token  
 <request body omitted>
[debug] [2020-07-22T10:11:46.817Z] <<< HTTP RESPONSE 200
[debug] [2020-07-22T10:11:47.021Z] >>> HTTP REQUEST GET https://firebase.googleapis.com/v1beta1/projects/demo093  
 
